2017-12-15 16:07:42,968 - push_srv- 29 - SMS sending failure Message:触发分钟级流控Permits:1
2017-12-15 16:07:42,975 - push_srv- 29 - SMS sending failure Message:OK
2017-12-15 16:07:42,978 - push_srv- 29 - SMS sending failure Message:OK
2017-12-15 16:07:42,975 - push_srv- 29 - SMS sending failure Message:OK
2017-12-15 16:07:43,033 - push_srv- 29 - SMS sending failure Message:触发分钟级流控Permits:1
2017-12-15 16:07:43,035 - push_srv- 29 - SMS sending failure Message:触发分钟级流控Permits:1
2017-12-15 16:07:43,037 - push_srv- 29 - SMS sending failure Message:触发分钟级流控Permits:1
2017-12-15 16:07:43,039 - push_srv- 29 - SMS sending failure Message:触发分钟级流控Permits:1
2017-12-15 16:07:43,068 - push_srv- 29 - SMS sending failure Message:触发分钟级流控Permits:1
2017-12-15 16:07:43,074 - push_srv- 29 - SMS sending failure Message:触发分钟级流控Permits:1
2017-12-15 16:07:43,079 - push_srv- 29 - SMS sending failure Message:触发分钟级流控Permits:1
2017-12-15 16:07:43,080 - push_srv- 29 - SMS sending failure Message:触发分钟级流控Permits:1
2017-12-15 16:07:43,107 - push_srv- 29 - SMS sending failure Message:触发分钟级流控Permits:1
2017-12-15 16:07:43,119 - push_srv- 29 - SMS sending failure Message:触发分钟级流控Permits:1
2017-12-15 16:07:43,123 - push_srv- 29 - SMS sending failure Message:触发分钟级流控Permits:1
2017-12-15 16:07:43,126 - push_srv- 29 - SMS sending failure Message:触发分钟级流控Permits:1
2017-12-18 16:45:56,480 - push_srv- 29 - SMS sending failure Message:OK
2017-12-18 16:45:56,481 - push_srv- 29 - SMS sending failure Message:OK
2017-12-18 16:45:56,481 - push_srv- 29 - SMS sending failure Message:OK
2017-12-18 16:47:41,695 - push_srv- 29 - SMS sending failure Message:OK
2017-12-18 16:48:39,405 - push_srv- 29 - SMS sending failure Message:OK
2017-12-19 10:05:56,860 - push_srv- 29 - SMS sending failure Message:OK
2017-12-19 10:07:45,323 - push_srv- 29 - SMS sending failure Message:OK
2017-12-19 10:08:48,000 - push_srv- 29 - SMS sending failure Message:OK
2017-12-19 10:12:21,157 - push_srv- 29 - SMS sending failure Message:OK, mobile:17621036594
2017-12-19 10:13:19,962 - push_srv- 29 - SMS sending failure Message:触发分钟级流控Permits:1, mobile:17621036594
2017-12-19 10:14:06,778 - push_srv- 29 - SMS sending failure Message:OK, mobile:17621036594
2017-12-19 10:17:28,733 - push_srv- 29 - SMS sending failure Message:触发小时级流控Permits:5, mobile:17621036594
2017-12-19 10:19:10,982 - push_srv- 29 - SMS sending failure Message:OK, mobile:18895358141
2017-12-19 10:25:49,631 - push_srv- 30 - SMS sending success Message:OK, mobile:18895358141, verifying_code:{"code": "479657"} 
2017-12-19 10:26:43,920 - push_srv- 32 - SMS sending failure Message:触发分钟级流控Permits:1, mobile:18895358141
2017-12-19 15:26:43,060 - push_srv- 30 - SMS sending success Message:OK, mobile:18895358141, verifying_code:{"code": "265442"} 
2017-12-19 15:30:13,031 - push_srv- 30 - SMS sending success Message:OK, mobile:18895358141, verifying_code:{"code": "339115"} 
2017-12-19 15:35:32,594 - push_srv- 30 - SMS sending success Message:OK, mobile:18895358141, verifying_code:{"code": "857492"} 
2017-12-19 15:45:16,805 - push_srv- 30 - SMS sending success Message:OK, mobile:18895358141, verifying_code:{"code": "853555"} 
2017-12-19 16:12:37,600 - push_srv- 30 - SMS sending success Message:OK, mobile:18895358141, verifying_code:{"code": "912205"} 
2017-12-19 16:17:06,112 - push_srv- 32 - SMS sending failure Message:触发小时级流控Permits:5, mobile:18895358141
2017-12-19 16:17:25,991 - push_srv- 30 - SMS sending success Message:OK, mobile:17621036594, verifying_code:{"code": "856554"} 
2017-12-19 17:29:35,785 - push_srv- 30 - SMS sending success Message:OK, mobile:18895358141, verifying_code:{"code": "118019"} 
2017-12-19 17:30:51,034 - push_srv- 30 - SMS sending success Message:OK, mobile:18895358141, verifying_code:{"code": "771621"} 
2018-04-04 09:53:52,599 - push_srv- 30 - SMS sending success Message:OK, mobile:17621036594, param:{"code": "927426"} 
2018-04-04 09:59:52,663 - push_srv- 30 - SMS sending success Message:OK, mobile:17621036594, param:{"code": "502775"} 
